<?xml version="1.0" encoding="UTF-8"?>
<testsuite xmlns:xsi="http://www.w3.org/2001/XMLSchema-instance" xsi:noNamespaceSchemaLocation="https://maven.apache.org/surefire/maven-surefire-plugin/xsd/surefire-test-report.xsd" version="3.0.2" name="com.example.demo.DemoApplicationTests" time="4.194" tests="1" errors="0" skipped="0" failures="0">
  <properties>
[...]
</properties>
  <testcase name="contextLoads" classname="com.example.demo.DemoApplicationTests" time="0.978">
    <system-out><![CDATA[13:08:58.945 [main] INFO org.springframework.test.context.support.AnnotationConfigContextLoaderUtils -- Could not detect default configuration classes for test class [com.example.demo.DemoApplicationTests]: DemoApplicationTests does not declare any static, non-private, non-final, nested classes annotated with @Configuration.
13:08:59.092 [main] INFO org.springframework.boot.test.context.SpringBootTestContextBootstrapper -- Found @SpringBootConfiguration com.example.demo.DemoApplication for test class com.example.demo.DemoApplicationTests

  .   ____          _            __ _ _
 /\\ / ___'_ __ _ _(_)_ __  __ _ \ \ \ \
( ( )\___ | '_ | '_| | '_ \/ _` | \ \ \ \
 \\/  ___)| |_)| | | | | || (_| |  ) ) ) )
  '  |____| .__|_| |_|_| |_\__, | / / / /
 =========|_|==============|___/=/_/_/_/

 :: Spring Boot ::                (v4.0.2)

2026-02-12T13:08:59.727+07:00  INFO 10516 --- [demo] [           main] com.example.demo.DemoApplicationTests    : Starting DemoApplicationTests using Java 17.0.12 with PID 10516 (started by ATTHAPHON in D:\work\sourcecode\git-hub-persornal\ai-java-demo\demo)
2026-02-12T13:08:59.729+07:00  INFO 10516 --- [demo] [           main] com.example.demo.DemoApplicationTests    : No active profile set, falling back to 1 default profile: "default"
2026-02-12T13:09:00.780+07:00  INFO 10516 --- [demo] [           main] com.example.demo.DemoApplicationTests    : Started DemoApplicationTests in 1.432 seconds (process running for 3.048)
----------------------------------------
Checking Oracle Connection...
----------------------------------------
2026-02-12T13:09:00.793+07:00  INFO 10516 --- [demo] [           main] com.zaxxer.hikari.HikariDataSource       : HikariPool-1 - Starting...
2026-02-12T13:09:01.448+07:00  INFO 10516 --- [demo] [           main] com.zaxxer.hikari.pool.HikariPool        : HikariPool-1 - Added connection oracle.jdbc.driver.T4CConnection@5ff00507
2026-02-12T13:09:01.451+07:00  INFO 10516 --- [demo] [           main] com.zaxxer.hikari.HikariDataSource       : HikariPool-1 - Start completed.
Hello Oracle 19c - Connection Successful!
----------------------------------------
Starting file generation process...
File created ATTH successfully: D:\work\sourcecode\git-hub-persornal\ai-java-demo\demo\sample-output.txt
]]></system-out>
  </testcase>
</testsuite>